Build started 7/15/2020 11:56:53 PM.
     1>Project "C:\Users\Saem ju\documents\visual studio 2010\Projects\6006021611062_homework_chapter2\6006021611062_homework_chapter2\6006021611062_homework_chapter2.vcxproj" on node 2 (build target(s)).
     1>InitializeBuildStatus:
         Creating "Debug\6006021611062_homework_chapter2.unsuccessfulbuild" because "AlwaysCreate" was specified.
       ClCompile:
         c:\Program Files (x86)\Microsoft Visual Studio 10.0\VC\bin\CL.exe /c /ZI /nologo /W3 /WX- /Od /Oy- /D WIN32 /D _DEBUG /D _CONSOLE /D _UNICODE /D UNICODE /Gm /EHsc /RTC1 /MDd /GS /fp:precise /Zc:wchar_t /Zc:forScope /Fo"Debug\\" /Fd"Debug\vc100.pdb" /Gd /TP /analyze- /errorReport:prompt 6006021611062_homework_chapter2.cpp
         6006021611062_homework_chapter2.cpp
       ManifestResourceCompile:
         All outputs are up-to-date.
       Link:
         c:\Program Files (x86)\Microsoft Visual Studio 10.0\VC\bin\link.exe /ERRORREPORT:PROMPT /OUT:"C:\Users\Saem ju\documents\visual studio 2010\Projects\6006021611062_homework_chapter2\Debug\6006021611062_homework_chapter2.exe" /INCREMENTAL /NOLOGO kernel32.lib user32.lib gdi32.lib winspool.lib comdlg32.lib advapi32.lib shell32.lib ole32.lib oleaut32.lib uuid.lib odbc32.lib odbccp32.lib /MANIFEST /ManifestFile:"Debug\6006021611062_homework_chapter2.exe.intermediate.manifest" /MANIFESTUAC:"level='asInvoker' uiAccess='false'" /DEBUG /PDB:"C:\Users\Saem ju\documents\visual studio 2010\Projects\6006021611062_homework_chapter2\Debug\6006021611062_homework_chapter2.pdb" /SUBSYSTEM:CONSOLE /TLBID:1 /DYNAMICBASE /NXCOMPAT /IMPLIB:"C:\Users\Saem ju\documents\visual studio 2010\Projects\6006021611062_homework_chapter2\Debug\6006021611062_homework_chapter2.lib" /MACHINE:X86 Debug\6006021611062_homework_chapter2.exe.embed.manifest.res
         Debug\6006021611062_homework_chapter2.obj
       Manifest:
         c:\Program Files (x86)\Microsoft SDKs\Windows\v7.0A\bin\mt.exe /nologo /verbose /out:"Debug\6006021611062_homework_chapter2.exe.embed.manifest" /manifest Debug\6006021611062_homework_chapter2.exe.intermediate.manifest
         All outputs are up-to-date.
       LinkEmbedManifest:
         All outputs are up-to-date.
         6006021611062_homework_chapter2.vcxproj -> C:\Users\Saem ju\documents\visual studio 2010\Projects\6006021611062_homework_chapter2\Debug\6006021611062_homework_chapter2.exe
       FinalizeBuildStatus:
         Deleting file "Debug\6006021611062_homework_chapter2.unsuccessfulbuild".
         Touching "Debug\6006021611062_homework_chapter2.lastbuildstate".
     1>Done Building Project "C:\Users\Saem ju\documents\visual studio 2010\Projects\6006021611062_homework_chapter2\6006021611062_homework_chapter2\6006021611062_homework_chapter2.vcxproj" (build target(s)).

Build succeeded.

Time Elapsed 00:00:01.97
